<?xml version="1.0" encoding="UTF-8"?>
<testng-results skipped="0" failed="0" ignored="0" total="2" passed="2">
  <reporter-output>
  </reporter-output>
  <suite name="Default suite" duration-ms="2126" started-at="2019-01-30T10:11:36Z" finished-at="2019-01-30T10:11:38Z">
    <groups>
    </groups>
    <test name="Default test" duration-ms="2126" started-at="2019-01-30T10:11:36Z" finished-at="2019-01-30T10:11:38Z">
      <class name="com.qa.tests.GetAPITest">
        <test-method status="PASS" signature="getAPITestWithoutHeaders()[pri:1, instance:com.qa.tests.GetAPITest@1b604f19]" name="getAPITestWithoutHeaders" duration-ms="1611" started-at="2019-01-30T10:11:36Z" finished-at="2019-01-30T10:11:38Z">
          <reporter-output>
          </reporter-output>
        </test-method> <!-- getAPITestWithoutHeaders -->
        <test-method status="PASS" signature="setUp()[pri:0, instance:com.qa.tests.GetAPITest@1b604f19]" name="setUp" is-config="true" duration-ms="0" started-at="2019-01-30T10:11:36Z" finished-at="2019-01-30T10:11:36Z">
          <reporter-output>
          </reporter-output>
        </test-method> <!-- setUp -->
        <test-method status="PASS" signature="setUp()[pri:0, instance:com.qa.tests.GetAPITest@1b604f19]" name="setUp" is-config="true" duration-ms="0" started-at="2019-01-30T10:11:38Z" finished-at="2019-01-30T10:11:38Z">
          <reporter-output>
          </reporter-output>
        </test-method> <!-- setUp -->
        <test-method status="PASS" signature="getAPITestWithHeaders()[pri:2, instance:com.qa.tests.GetAPITest@1b604f19]" name="getAPITestWithHeaders" duration-ms="485" started-at="2019-01-30T10:11:38Z" finished-at="2019-01-30T10:11:38Z">
          <reporter-output>
          </reporter-output>
        </test-method> <!-- getAPITestWithHeaders -->
      </class> <!-- com.qa.tests.GetAPITest -->
    </test> <!-- Default test -->
  </suite> <!-- Default suite -->
</testng-results>
